#
# A fatal error has been detected by the Java Runtime Environment:
#
#  SIGSEGV (0xb) at pc=0x00007fff563d905f, pid=7198, tid=0x0000000000011c13
#
# JRE version: Java(TM) SE Runtime Environment (8.0_92-b14) (build 1.8.0_92-b14)
# Java VM: Java HotSpot(TM) 64-Bit Server VM (25.92-b14 mixed mode bsd-amd64 compressed oops)
# Problematic frame:
# C  [GLEngine+0x14705f]  gleRunVertexSubmitImmediate+0x17ef
#
# Failed to write core dump. Core dumps have been disabled. To enable core dumping, try "ulimit -c unlimited" before starting Java again
#
# If you would like to submit a bug report, please visit:
#   http://bugreport.java.com/bugreport/crash.jsp
# The crash happened outside the Java Virtual Machine in native code.
# See problematic frame for where to report the bug.
#

---------------  T H R E A D  ---------------

Current thread (0x00007fc6b9240000):  JavaThread "AWT-EventQueue-0" [_thread_in_native, id=72723, stack(0x000070000ad7b000,0x000070000ae7b000)]

siginfo: si_signo: 11 (SIGSEGV), si_code: 1 (SEGV_MAPERR), si_addr: 0x0000000000000000

Registers:
RAX=0x00007fff563d905f, RBX=0x0000000000000000, RCX=0x00007fff563da77c, RDX=0x0000000000000006
RSP=0x000070000ae78100, RBP=0x000070000ae782a0, RSI=0x0000000000000000, RDI=0x00007fff563d8bfc
R8 =0x00007fc6b72cb000, R9 =0x00007fc6bb8a7140, R10=0x0000000000000002, R11=0x0000000000000003
R12=0x0000000000104000, R13=0x0000000000000c33, R14=0x0000000000000000, R15=0x00000c3300041000
RIP=0x00007fff563d905f, EFLAGS=0x0000000000010207, ERR=0x0000000000000004
  TRAPNO=0x000000000000000e

Top of Stack: (sp=0x000070000ae78100)
0x000070000ae78100:   0000000186600082 00000000000000c3
0x000070000ae78110:   00007fc6b72cb140 00007fc6b72cb170
0x000070000ae78120:   00007fc6b72cb150 00007fc6b72cb180
0x000070000ae78130:   00007fc6b72cb160 00007fc6b72cb1a0
0x000070000ae78140:   0000000000000000 0000000000000000
0x000070000ae78150:   0000000000000001 0000000000000000
0x000070000ae78160:   00007fc6b72cb190 0000000000000002
0x000070000ae78170:   00007fc6bb8a7140 000000012c12f000
0x000070000ae78180:   0000000000000000 0000000000000000
0x000070000ae78190:   0000000036de00ce 000070000ae78238
0x000070000ae781a0:   0000000000000000 0000000000000001
0x000070000ae781b0:   fffffffffffffffe 00007fc6b72cb1a0
0x000070000ae781c0:   00000006b6688700 00007fc6b72cb000
0x000070000ae781d0:   000000012c12f000 0000000000000001
0x000070000ae781e0:   000070000ae78270 00007fff471bed2f
0x000070000ae781f0:   000070000ae78284 000000044718dd15
0x000070000ae78200:   0000000000000000 0000000000000000
0x000070000ae78210:   0000000000000000 0000000600000000
0x000070000ae78220:   0000000000001405 000000012bf4e000
0x000070000ae78230:   0000000000000000 000000013373c000
0x000070000ae78240:   000000013373c090 000000012bf4e000
0x000070000ae78250:   00007fc6b72ceda0 00007fc6b72cefb0
0x000070000ae78260:   00007fc6b96943a0 0000000000000000
0x000070000ae78270:   f1627a4d36de00ce 0000000000000000
0x000070000ae78280:   00007fc6b72cb000 0000000000000006
0x000070000ae78290:   0000000000000006 0000000000000006
0x000070000ae782a0:   000070000ae78300 00007fff563471d0
0x000070000ae782b0:   000000076c4e2aa8 00007fc6b9694420
0x000070000ae782c0:   0000000000000004 0000000000000004
0x000070000ae782d0:   0000000000000006 000000012dcbd728
0x000070000ae782e0:   0000000000000000 000000012dcbd728
0x000070000ae782f0:   000070000ae78438 00007fc6b9240000 

Instructions: (pc=0x00007fff563d905f)
0x00007fff563d903f:   85 83 00 00 00 85 c0 b8 ff ff ff 7f bf 00 00 80
0x00007fff563d904f:   7f 0f 44 c7 48 8b 9d 28 ff ff ff e9 7d 00 00 00
0x00007fff563d905f:   8b 06 89 85 30 ff ff ff 8b 46 04 89 85 34 ff ff
0x00007fff563d906f:   ff e9 be f6 ff ff 8b 06 89 85 30 ff ff ff 8b 46 

Register to memory mapping:

RAX=0x00007fff563d905f: gleRunVertexSubmitImmediate+0x17ef in /System/Library/Frameworks/OpenGL.framework/Versions/A/Resources/GLEngine.bundle/GLEngine at 0x00007fff56292000
RBX=0x0000000000000000 is an unknown value
RCX=0x00007fff563da77c: gleRunVertexSubmitImmediate+0x2f0c in /System/Library/Frameworks/OpenGL.framework/Versions/A/Resources/GLEngine.bundle/GLEngine at 0x00007fff56292000
RDX=0x0000000000000006 is an unknown value
RSP=0x000070000ae78100 is pointing into the stack for thread: 0x00007fc6b9240000
RBP=0x000070000ae782a0 is pointing into the stack for thread: 0x00007fc6b9240000
RSI=0x0000000000000000 is an unknown value
RDI=0x00007fff563d8bfc: gleRunVertexSubmitImmediate+0x138c in /System/Library/Frameworks/OpenGL.framework/Versions/A/Resources/GLEngine.bundle/GLEngine at 0x00007fff56292000
R8 =0x00007fc6b72cb000 is an unknown value
R9 =0x00007fc6bb8a7140 is an unknown value
R10=0x0000000000000002 is an unknown value
R11=0x0000000000000003 is an unknown value
R12=0x0000000000104000 is an unknown value
R13=0x0000000000000c33 is an unknown value
R14=0x0000000000000000 is an unknown value
R15=0x00000c3300041000 is an unknown value


Stack: [0x000070000ad7b000,0x000070000ae7b000],  sp=0x000070000ae78100,  free space=1012k
Native frames: (J=compiled Java code, j=interpreted, Vv=VM code, C=native code)
C  [GLEngine+0x14705f]  gleRunVertexSubmitImmediate+0x17ef
C  [GLEngine+0xb51d0]  glDrawElements_ACC_GL3Exec+0x2a7
C  [libjogl_desktop.jnilib+0x286d1]  Java_jogamp_opengl_gl4_GL4bcImpl_dispatch_1glDrawElements1__IIIJJ+0x41
j  jogamp.opengl.gl4.GL4bcImpl.dispatch_glDrawElements1(IIIJJ)V+0
j  jogamp.opengl.gl4.GL4bcImpl.glDrawElements(IIIJ)V+53
j  week6.TwoQuats.display(Lcom/jogamp/opengl/GLAutoDrawable;)V+448
j  jogamp.opengl.GLDrawableHelper.displayImpl(Lcom/jogamp/opengl/GLAutoDrawable;)V+62
j  jogamp.opengl.GLDrawableHelper.display(Lcom/jogamp/opengl/GLAutoDrawable;)V+2
j  com.jogamp.opengl.awt.GLCanvas$11.run()V+118
j  jogamp.opengl.GLDrawableHelper.invokeGLImpl(Lcom/jogamp/opengl/GLDrawable;Lcom/jogamp/opengl/GLContext;Ljava/lang/Runnable;Ljava/lang/Runnable;)V+203
j  jogamp.opengl.GLDrawableHelper.invokeGL(Lcom/jogamp/opengl/GLDrawable;Lcom/jogamp/opengl/GLContext;Ljava/lang/Runnable;Ljava/lang/Runnable;)V+72
j  com.jogamp.opengl.awt.GLCanvas$12.run()V+104
j  com.jogamp.opengl.Threading.invoke(ZLjava/lang/Runnable;Ljava/lang/Object;)V+27
j  com.jogamp.opengl.awt.GLCanvas.display()V+64
j  com.jogamp.opengl.awt.GLCanvas.paint(Ljava/awt/Graphics;)V+137
j  sun.awt.RepaintArea.paintComponent(Ljava/awt/Component;Ljava/awt/Graphics;)V+6
j  sun.lwawt.LWRepaintArea.paintComponent(Ljava/awt/Component;Ljava/awt/Graphics;)V+29
j  sun.awt.RepaintArea.paint(Ljava/lang/Object;Z)V+326
j  sun.lwawt.LWComponentPeer.handleJavaPaintEvent()V+19
j  sun.lwawt.LWComponentPeer.handleEvent(Ljava/awt/AWTEvent;)V+84
j  java.awt.Component.dispatchEventImpl(Ljava/awt/AWTEvent;)V+877
j  java.awt.Component.dispatchEvent(Ljava/awt/AWTEvent;)V+2
j  java.awt.EventQueue.dispatchEventImpl(Ljava/awt/AWTEvent;Ljava/lang/Object;)V+41
j  java.awt.EventQueue.access$500(Ljava/awt/EventQueue;Ljava/awt/AWTEvent;Ljava/lang/Object;)V+3
j  java.awt.EventQueue$3.run()Ljava/lang/Void;+32
j  java.awt.EventQueue$3.run()Ljava/lang/Object;+1
v  ~StubRoutines::call_stub
V  [libjvm.dylib+0x2ecc9a]
V  [libjvm.dylib+0x34d430]
j  java.security.AccessController.doPrivileged(Ljava/security/PrivilegedAction;Ljava/security/AccessControlContext;)Ljava/lang/Object;+0
j  java.security.ProtectionDomain$JavaSecurityAccessImpl.doIntersectionPrivilege(Ljava/security/PrivilegedAction;Ljava/security/AccessControlContext;Ljava/security/AccessControlContext;)Ljava/lang/Object;+18
j  java.security.ProtectionDomain$JavaSecurityAccessImpl.doIntersectionPrivilege(Ljava/security/PrivilegedAction;Ljava/security/AccessControlContext;)Ljava/lang/Object;+6
j  java.awt.EventQueue$4.run()Ljava/lang/Void;+11
j  java.awt.EventQueue$4.run()Ljava/lang/Object;+1
v  ~StubRoutines::call_stub
V  [libjvm.dylib+0x2ecc9a]
V  [libjvm.dylib+0x34d430]
j  java.security.AccessController.doPrivileged(Ljava/security/PrivilegedAction;Ljava/security/AccessControlContext;)Ljava/lang/Object;+0
j  java.security.ProtectionDomain$JavaSecurityAccessImpl.doIntersectionPrivilege(Ljava/security/PrivilegedAction;Ljava/security/AccessControlContext;Ljava/security/AccessControlContext;)Ljava/lang/Object;+18
j  java.awt.EventQueue.dispatchEvent(Ljava/awt/AWTEvent;)V+73
j  java.awt.EventDispatchThread.pumpOneEventForFilters(I)V+245
j  java.awt.EventDispatchThread.pumpEventsForFilter(ILjava/awt/Conditional;Ljava/awt/EventFilter;)V+35
j  java.awt.EventDispatchThread.pumpEventsForHierarchy(ILjava/awt/Conditional;Ljava/awt/Component;)V+11
j  java.awt.EventDispatchThread.pumpEvents(ILjava/awt/Conditional;)V+4
j  java.awt.EventDispatchThread.pumpEvents(Ljava/awt/Conditional;)V+3
j  java.awt.EventDispatchThread.run()V+9
v  ~StubRoutines::call_stub
V  [libjvm.dylib+0x2ecc9a]
V  [libjvm.dylib+0x2ed428]
V  [libjvm.dylib+0x2ed5d4]
V  [libjvm.dylib+0x347dbd]
V  [libjvm.dylib+0x564c57]
V  [libjvm.dylib+0x566344]
V  [libjvm.dylib+0x485bbe]
C  [libsystem_pthread.dylib+0x3305]  _pthread_body+0x7e
C  [libsystem_pthread.dylib+0x626f]  _pthread_start+0x46
C  [libsystem_pthread.dylib+0x2415]  thread_start+0xd
C  0x0000000000000000

Java frames: (J=compiled Java code, j=interpreted, Vv=VM code)
j  jogamp.opengl.gl4.GL4bcImpl.dispatch_glDrawElements1(IIIJJ)V+0
j  jogamp.opengl.gl4.GL4bcImpl.glDrawElements(IIIJ)V+53
j  week6.TwoQuats.display(Lcom/jogamp/opengl/GLAutoDrawable;)V+448
j  jogamp.opengl.GLDrawableHelper.displayImpl(Lcom/jogamp/opengl/GLAutoDrawable;)V+62
j  jogamp.opengl.GLDrawableHelper.display(Lcom/jogamp/opengl/GLAutoDrawable;)V+2
j  com.jogamp.opengl.awt.GLCanvas$11.run()V+118
j  jogamp.opengl.GLDrawableHelper.invokeGLImpl(Lcom/jogamp/opengl/GLDrawable;Lcom/jogamp/opengl/GLContext;Ljava/lang/Runnable;Ljava/lang/Runnable;)V+203
j  jogamp.opengl.GLDrawableHelper.invokeGL(Lcom/jogamp/opengl/GLDrawable;Lcom/jogamp/opengl/GLContext;Ljava/lang/Runnable;Ljava/lang/Runnable;)V+72
j  com.jogamp.opengl.awt.GLCanvas$12.run()V+104
j  com.jogamp.opengl.Threading.invoke(ZLjava/lang/Runnable;Ljava/lang/Object;)V+27
j  com.jogamp.opengl.awt.GLCanvas.display()V+64
j  com.jogamp.opengl.awt.GLCanvas.paint(Ljava/awt/Graphics;)V+137
j  sun.awt.RepaintArea.paintComponent(Ljava/awt/Component;Ljava/awt/Graphics;)V+6
j  sun.lwawt.LWRepaintArea.paintComponent(Ljava/awt/Component;Ljava/awt/Graphics;)V+29
j  sun.awt.RepaintArea.paint(Ljava/lang/Object;Z)V+326
j  sun.lwawt.LWComponentPeer.handleJavaPaintEvent()V+19
j  sun.lwawt.LWComponentPeer.handleEvent(Ljava/awt/AWTEvent;)V+84
j  java.awt.Component.dispatchEventImpl(Ljava/awt/AWTEvent;)V+877
j  java.awt.Component.dispatchEvent(Ljava/awt/AWTEvent;)V+2
j  java.awt.EventQueue.dispatchEventImpl(Ljava/awt/AWTEvent;Ljava/lang/Object;)V+41
j  java.awt.EventQueue.access$500(Ljava/awt/EventQueue;Ljava/awt/AWTEvent;Ljava/lang/Object;)V+3
j  java.awt.EventQueue$3.run()Ljava/lang/Void;+32
j  java.awt.EventQueue$3.run()Ljava/lang/Object;+1
v  ~StubRoutines::call_stub
j  java.security.AccessController.doPrivileged(Ljava/security/PrivilegedAction;Ljava/security/AccessControlContext;)Ljava/lang/Object;+0
j  java.security.ProtectionDomain$JavaSecurityAccessImpl.doIntersectionPrivilege(Ljava/security/PrivilegedAction;Ljava/security/AccessControlContext;Ljava/security/AccessControlContext;)Ljava/lang/Object;+18
j  java.security.ProtectionDomain$JavaSecurityAccessImpl.doIntersectionPrivilege(Ljava/security/PrivilegedAction;Ljava/security/AccessControlContext;)Ljava/lang/Object;+6
j  java.awt.EventQueue$4.run()Ljava/lang/Void;+11
j  java.awt.EventQueue$4.run()Ljava/lang/Object;+1
v  ~StubRoutines::call_stub
j  java.security.AccessController.doPrivileged(Ljava/security/PrivilegedAction;Ljava/security/AccessControlContext;)Ljava/lang/Object;+0
j  java.security.ProtectionDomain$JavaSecurityAccessImpl.doIntersectionPrivilege(Ljava/security/PrivilegedAction;Ljava/security/AccessControlContext;Ljava/security/AccessControlContext;)Ljava/lang/Object;+18
j  java.awt.EventQueue.dispatchEvent(Ljava/awt/AWTEvent;)V+73
j  java.awt.EventDispatchThread.pumpOneEventForFilters(I)V+245
j  java.awt.EventDispatchThread.pumpEventsForFilter(ILjava/awt/Conditional;Ljava/awt/EventFilter;)V+35
j  java.awt.EventDispatchThread.pumpEventsForHierarchy(ILjava/awt/Conditional;Ljava/awt/Component;)V+11
j  java.awt.EventDispatchThread.pumpEvents(ILjava/awt/Conditional;)V+4
j  java.awt.EventDispatchThread.pumpEvents(Ljava/awt/Conditional;)V+3
j  java.awt.EventDispatchThread.run()V+9
v  ~StubRoutines::call_stub

---------------  P R O C E S S  ---------------

Java Threads: ( => current thread )
  0x00007fc6ba9a7800 JavaThread "DestroyJavaVM" [_thread_blocked, id=10243, stack(0x00007000093a4000,0x00007000094a4000)]
=>0x00007fc6b9240000 JavaThread "AWT-EventQueue-0" [_thread_in_native, id=72723, stack(0x000070000ad7b000,0x000070000ae7b000)]
  0x00007fc6b91cb800 JavaThread "Java2D Disposer" daemon [_thread_blocked, id=49679, stack(0x000070000ac78000,0x000070000ad78000)]
  0x00007fc6b9136800 JavaThread "Java2D Queue Flusher" daemon [_thread_blocked, id=82739, stack(0x000070000ab75000,0x000070000ac75000)]
  0x00007fc6ba8a4000 JavaThread "AWT-Shutdown" [_thread_blocked, id=24871, stack(0x000070000a6dd000,0x000070000a7dd000)]
  0x00007fc6b9070000 JavaThread "AWT-AppKit" daemon [_thread_blocked, id=775, stack(0x00007ffee44c6000,0x00007ffee4cc6000)]
  0x00007fc6b7000800 JavaThread "Service Thread" daemon [_thread_blocked, id=15619, stack(0x000070000a4d7000,0x000070000a5d7000)]
  0x00007fc6b6822800 JavaThread "C1 CompilerThread3" daemon [_thread_blocked, id=16643, stack(0x000070000a3d4000,0x000070000a4d4000)]
  0x00007fc6b6822000 JavaThread "C2 CompilerThread2" daemon [_thread_blocked, id=17155, stack(0x000070000a2d1000,0x000070000a3d1000)]
  0x00007fc6b681f000 JavaThread "C2 CompilerThread1" daemon [_thread_blocked, id=17411, stack(0x000070000a1ce000,0x000070000a2ce000)]
  0x00007fc6ba836000 JavaThread "C2 CompilerThread0" daemon [_thread_blocked, id=14851, stack(0x000070000a0cb000,0x000070000a1cb000)]
  0x00007fc6ba821800 JavaThread "Signal Dispatcher" daemon [_thread_blocked, id=14339, stack(0x0000700009fc8000,0x000070000a0c8000)]
  0x00007fc6b9006800 JavaThread "Finalizer" daemon [_thread_blocked, id=12547, stack(0x0000700009ec5000,0x0000700009fc5000)]
  0x00007fc6b702d800 JavaThread "Reference Handler" daemon [_thread_blocked, id=12291, stack(0x0000700009dc2000,0x0000700009ec2000)]

Other Threads:
  0x00007fc6b6840000 VMThread [stack: 0x0000700009cbf000,0x0000700009dbf000] [id=19459]
  0x00007fc6b6823800 WatcherThread [stack: 0x000070000a5da000,0x000070000a6da000] [id=15875]

VM state:not at safepoint (normal execution)

VM Mutex/Monitor currently owned by a thread: None

Heap:
 PSYoungGen      total 76288K, used 28017K [0x000000076ab00000, 0x0000000770000000, 0x00000007c0000000)
  eden space 65536K, 42% used [0x000000076ab00000,0x000000076c65c6b8,0x000000076eb00000)
  from space 10752K, 0% used [0x000000076f580000,0x000000076f580000,0x0000000770000000)
  to   space 10752K, 0% used [0x000000076eb00000,0x000000076eb00000,0x000000076f580000)
 ParOldGen       total 175104K, used 0K [0x00000006c0000000, 0x00000006cab00000, 0x000000076ab00000)
  object space 175104K, 0% used [0x00000006c0000000,0x00000006c0000000,0x00000006cab00000)
 Metaspace       used 15142K, capacity 15346K, committed 15488K, reserved 1062912K
  class space    used 1575K, capacity 1634K, committed 1664K, reserved 1048576K

Card table byte_map: [0x000000010d357000,0x000000010db58000] byte_map_base: 0x0000000109d57000

Marking Bits: (ParMarkBitMap*) 0x000000010c8e8bd0
 Begin Bits: [0x000000010e0ae000, 0x00000001120ae000)
 End Bits:   [0x00000001120ae000, 0x00000001160ae000)

Polling page: 0x000000010afac000

CodeCache: size=245760Kb used=2844Kb max_used=2844Kb free=242915Kb
 bounds [0x0000000117d05000, 0x0000000117fd5000, 0x0000000126d05000]
 total_blobs=1449 nmethods=645 adapters=718
 compilation: enabled

Compilation events (10 events):
Event: 2.212 Thread 0x00007fc6b6822800  641       3       java.nio.Buffer::checkIndex (24 bytes)
Event: 2.213 Thread 0x00007fc6b6822800 nmethod 641 0x0000000117fcb9d0 code [0x0000000117fcbb40, 0x0000000117fcbdc8]
Event: 2.213 Thread 0x00007fc6b6822800  642       3       java.nio.HeapCharBuffer::ix (7 bytes)
Event: 2.213 Thread 0x00007fc6b6822800 nmethod 642 0x0000000117fcbed0 code [0x0000000117fcc020, 0x0000000117fcc170]
Event: 2.213 Thread 0x00007fc6b6822800  643       3       java.nio.CharBuffer::charAt (16 bytes)
Event: 2.213 Thread 0x00007fc6b6822800 nmethod 643 0x0000000117fcc1d0 code [0x0000000117fcc360, 0x0000000117fcc818]
Event: 2.213 Thread 0x00007fc6b6822800  644       3       java.nio.HeapCharBuffer::get (15 bytes)
Event: 2.213 Thread 0x00007fc6b6822800 nmethod 644 0x0000000117fcc9d0 code [0x0000000117fccb40, 0x0000000117fccdf0]
Event: 2.213 Thread 0x00007fc6b6822800  645       3       java.util.regex.Pattern$Dot::isSatisfiedBy (34 bytes)
Event: 2.213 Thread 0x00007fc6b6822800 nmethod 645 0x0000000117fccf90 code [0x0000000117fcd100, 0x0000000117fcd370]

GC Heap History (0 events):
No events

Deoptimization events (1 events):
Event: 0.648 Thread 0x00007fc6b6808000 Uncommon trap: reason=unstable_if action=reinterpret pc=0x0000000117ec22d8 method=java.lang.String.indexOf([CII[CIII)I @ 3

Internal exceptions (10 events):
Event: 0.029 Thread 0x00007fc6b6808000 Exception <a 'java/lang/NoSuchMethodError': Method sun.misc.Unsafe.prefetchRead(Ljava/lang/Object;J)V name or signature does not match> (0x000000076ab07fa8) thrown at [/Users/java_re/workspace/8-2-build-macosx-x86_64/jdk8u92/6642/hotspot/src/share/vm/prim
Event: 0.100 Thread 0x00007fc6b6808000 Exception <a 'java/security/PrivilegedActionException'> (0x000000076abf9250) thrown at [/Users/java_re/workspace/8-2-build-macosx-x86_64/jdk8u92/6642/hotspot/src/share/vm/prims/jvm.cpp, line 1386]
Event: 0.100 Thread 0x00007fc6b6808000 Exception <a 'java/security/PrivilegedActionException'> (0x000000076abf9460) thrown at [/Users/java_re/workspace/8-2-build-macosx-x86_64/jdk8u92/6642/hotspot/src/share/vm/prims/jvm.cpp, line 1386]
Event: 0.100 Thread 0x00007fc6b6808000 Exception <a 'java/security/PrivilegedActionException'> (0x000000076abfc700) thrown at [/Users/java_re/workspace/8-2-build-macosx-x86_64/jdk8u92/6642/hotspot/src/share/vm/prims/jvm.cpp, line 1386]
Event: 0.100 Thread 0x00007fc6b6808000 Exception <a 'java/security/PrivilegedActionException'> (0x000000076abfc910) thrown at [/Users/java_re/workspace/8-2-build-macosx-x86_64/jdk8u92/6642/hotspot/src/share/vm/prims/jvm.cpp, line 1386]
Event: 0.151 Thread 0x00007fc6b6808000 Exception <a 'java/lang/NoSuchFieldError': method resolution failed> (0x000000076ae11c50) thrown at [/Users/java_re/workspace/8-2-build-macosx-x86_64/jdk8u92/6642/hotspot/src/share/vm/prims/methodHandles.cpp, line 1146]
Event: 0.153 Thread 0x00007fc6b6808000 Exception <a 'java/lang/NoSuchFieldError': method resolution failed> (0x000000076ae1f420) thrown at [/Users/java_re/workspace/8-2-build-macosx-x86_64/jdk8u92/6642/hotspot/src/share/vm/prims/methodHandles.cpp, line 1146]
Event: 0.320 Thread 0x00007fc6b6808000 Exception <a 'java/io/FileNotFoundException'> (0x000000076ae9a020) thrown at [/Users/java_re/workspace/8-2-build-macosx-x86_64/jdk8u92/6642/hotspot/src/share/vm/prims/jni.cpp, line 709]
Event: 0.320 Thread 0x00007fc6b6808000 Exception <a 'java/io/FileNotFoundException'> (0x000000076ae9ab90) thrown at [/Users/java_re/workspace/8-2-build-macosx-x86_64/jdk8u92/6642/hotspot/src/share/vm/prims/jni.cpp, line 709]
Event: 0.681 Thread 0x00007fc6b6808000 Exception <a 'java/lang/UnsatisfiedLinkError': com.jogamp.common.util.JarUtil.fixNativeLibAttribs(Ljava/lang/String;)Z> (0x000000076b54ba88) thrown at [/Users/java_re/workspace/8-2-build-macosx-x86_64/jdk8u92/6642/hotspot/src/share/vm/prims/nativeLookup.c

Events (10 events):
Event: 2.210 loading class sun/nio/ch/IOStatus
Event: 2.210 loading class sun/nio/ch/IOStatus done
Event: 2.211 loading class java/util/regex/Pattern$Dot
Event: 2.211 loading class java/util/regex/Pattern$Dot done
Event: 2.211 loading class java/util/regex/Pattern$Dollar
Event: 2.211 loading class java/util/regex/Pattern$Dollar done
Event: 2.219 loading class java/nio/DirectFloatBufferU
Event: 2.219 loading class java/nio/DirectFloatBufferU done
Event: 2.223 loading class graphicslib3D/Vector3D
Event: 2.223 loading class graphicslib3D/Vector3D done


Dynamic libraries:
0x0000000021ec2000 	/System/Library/Frameworks/Cocoa.framework/Versions/A/Cocoa
0x0000000021ec2000 	/System/Library/Frameworks/Security.framework/Versions/A/Security
0x0000000021ec2000 	/System/Library/Frameworks/ApplicationServices.framework/Versions/A/ApplicationServices
0x0000000021ec2000 	/usr/lib/libz.1.dylib
0x0000000021ec2000 	/usr/lib/libSystem.B.dylib
0x0000000021ec2000 	/usr/lib/libobjc.A.dylib
0x0000000021ec2000 	/System/Library/Frameworks/CoreFoundation.framework/Versions/A/CoreFoundation
0x0000000021ec2000 	/System/Library/Frameworks/Foundation.framework/Versions/C/Foundation
0x0000000021ec2000 	/System/Library/Frameworks/AppKit.framework/Versions/C/AppKit
0x0000000021ec2000 	/System/Library/Frameworks/CoreData.framework/Versions/A/CoreData
0x0000000021ec2000 	/System/Library/PrivateFrameworks/RemoteViewServices.framework/Versions/A/RemoteViewServices
0x0000000021ec2000 	/System/Library/PrivateFrameworks/UIFoundation.framework/Versions/A/UIFoundation
0x0000000021ec2000 	/System/Library/PrivateFrameworks/XCTTargetBootstrap.framework/Versions/A/XCTTargetBootstrap
0x0000000021ec2000 	/System/Library/PrivateFrameworks/IconServices.framework/Versions/A/IconServices
0x0000000021ec2000 	/System/Library/Frameworks/Metal.framework/Versions/A/Metal
0x0000000021ec2000 	/System/Library/PrivateFrameworks/DesktopServicesPriv.framework/Versions/A/DesktopServicesPriv
0x0000000021ec2000 	/usr/lib/libenergytrace.dylib
0x0000000021ec2000 	/System/Library/PrivateFrameworks/SkyLight.framework/Versions/A/SkyLight
0x0000000021ec2000 	/System/Library/Frameworks/CoreGraphics.framework/Versions/A/CoreGraphics
0x0000000021ec2000 	/System/Library/Frameworks/Accelerate.framework/Versions/A/Accelerate
0x0000000021ec2000 	/System/Library/Frameworks/IOSurface.framework/Versions/A/IOSurface
0x0000000021ec2000 	/System/Library/PrivateFrameworks/DFRFoundation.framework/Versions/A/DFRFoundation
0x0000000021ec2000 	/System/Library/Frameworks/AudioToolbox.framework/Versions/A/AudioToolbox
0x0000000021ec2000 	/System/Library/Frameworks/AudioUnit.framework/Versions/A/AudioUnit
0x0000000021ec2000 	/System/Library/PrivateFrameworks/DataDetectorsCore.framework/Versions/A/DataDetectorsCore
0x0000000021ec2000 	/System/Library/Frameworks/Carbon.framework/Versions/A/Frameworks/HIToolbox.framework/Versions/A/HIToolbox
0x0000000021ec2000 	/usr/lib/libicucore.A.dylib
0x0000000021ec2000 	/System/Library/Frameworks/QuartzCore.framework/Versions/A/QuartzCore
0x0000000021ec2000 	/System/Library/Frameworks/Carbon.framework/Versions/A/Frameworks/SpeechRecognition.framework/Versions/A/SpeechRecognition
0x0000000021ec2000 	/usr/lib/libauto.dylib
0x0000000021ec2000 	/usr/lib/libxml2.2.dylib
0x0000000021ec2000 	/System/Library/PrivateFrameworks/CoreUI.framework/Versions/A/CoreUI
0x0000000021ec2000 	/System/Library/Frameworks/CoreAudio.framework/Versions/A/CoreAudio
0x0000000021ec2000 	/System/Library/Frameworks/DiskArbitration.framework/Versions/A/DiskArbitration
0x0000000021ec2000 	/usr/lib/liblangid.dylib
0x0000000021ec2000 	/System/Library/PrivateFrameworks/MultitouchSupport.framework/Versions/A/MultitouchSupport
0x0000000021ec2000 	/System/Library/Frameworks/IOKit.framework/Versions/A/IOKit
0x0000000021ec2000 	/usr/lib/libDiagnosticMessagesClient.dylib
0x0000000021ec2000 	/System/Library/Frameworks/CoreServices.framework/Versions/A/CoreServices
0x0000000021ec2000 	/System/Library/PrivateFrameworks/PerformanceAnalysis.framework/Versions/A/PerformanceAnalysis
0x0000000021ec2000 	/System/Library/Frameworks/OpenGL.framework/Versions/A/OpenGL
0x0000000021ec2000 	/System/Library/Frameworks/ColorSync.framework/Versions/A/ColorSync
0x0000000021ec2000 	/System/Library/Frameworks/CoreImage.framework/Versions/A/CoreImage
0x0000000021ec2000 	/System/Library/Frameworks/CoreText.framework/Versions/A/CoreText
0x0000000021ec2000 	/System/Library/Frameworks/ImageIO.framework/Versions/A/ImageIO
0x0000000021ec2000 	/System/Library/PrivateFrameworks/Backup.framework/Versions/A/Backup
0x0000000021ec2000 	/usr/lib/libarchive.2.dylib
0x0000000021ec2000 	/System/Library/Frameworks/CFNetwork.framework/Versions/A/CFNetwork
0x0000000021ec2000 	/System/Library/Frameworks/SystemConfiguration.framework/Versions/A/SystemConfiguration
0x0000000021ec2000 	/usr/lib/libCRFSuite.dylib
0x0000000021ec2000 	/usr/lib/libc++.1.dylib
0x0000000021ec2000 	/usr/lib/libc++abi.dylib
0x0000000021ec2000 	/usr/lib/system/libcache.dylib
0x0000000021ec2000 	/usr/lib/system/libcommonCrypto.dylib
0x0000000021ec2000 	/usr/lib/system/libcompiler_rt.dylib
0x0000000021ec2000 	/usr/lib/system/libcopyfile.dylib
0x0000000021ec2000 	/usr/lib/system/libcorecrypto.dylib
0x0000000021ec2000 	/usr/lib/system/libdispatch.dylib
0x0000000021ec2000 	/usr/lib/system/libdyld.dylib
0x0000000021ec2000 	/usr/lib/system/libkeymgr.dylib
0x0000000021ec2000 	/usr/lib/system/liblaunch.dylib
0x0000000021ec2000 	/usr/lib/system/libmacho.dylib
0x0000000021ec2000 	/usr/lib/system/libquarantine.dylib
0x0000000021ec2000 	/usr/lib/system/libremovefile.dylib
0x0000000021ec2000 	/usr/lib/system/libsystem_asl.dylib
0x0000000021ec2000 	/usr/lib/system/libsystem_blocks.dylib
0x0000000021ec2000 	/usr/lib/system/libsystem_c.dylib
0x0000000021ec2000 	/usr/lib/system/libsystem_configuration.dylib
0x0000000021ec2000 	/usr/lib/system/libsystem_coreservices.dylib
0x0000000021ec2000 	/usr/lib/system/libsystem_darwin.dylib
0x0000000021ec2000 	/usr/lib/system/libsystem_dnssd.dylib
0x0000000021ec2000 	/usr/lib/system/libsystem_info.dylib
0x0000000021ec2000 	/usr/lib/system/libsystem_m.dylib
0x0000000021ec2000 	/usr/lib/system/libsystem_malloc.dylib
0x0000000021ec2000 	/usr/lib/system/libsystem_networkextension.dylib
0x0000000021ec2000 	/usr/lib/system/libsystem_notify.dylib
0x0000000021ec2000 	/usr/lib/system/libsystem_sandbox.dylib
0x0000000021ec2000 	/usr/lib/system/libsystem_secinit.dylib
0x0000000021ec2000 	/usr/lib/system/libsystem_kernel.dylib
0x0000000021ec2000 	/usr/lib/system/libsystem_platform.dylib
0x0000000021ec2000 	/usr/lib/system/libsystem_pthread.dylib
0x0000000021ec2000 	/usr/lib/system/libsystem_symptoms.dylib
0x0000000021ec2000 	/usr/lib/system/libsystem_trace.dylib
0x0000000021ec2000 	/usr/lib/system/libunwind.dylib
0x0000000021ec2000 	/usr/lib/system/libxpc.dylib
0x0000000021ec2000 	/usr/lib/libbsm.0.dylib
0x0000000021ec2000 	/usr/lib/system/libkxld.dylib
0x0000000021ec2000 	/System/Library/PrivateFrameworks/AppleFSCompression.framework/Versions/A/AppleFSCompression
0x0000000021ec2000 	/usr/lib/libOpenScriptingUtil.dylib
0x0000000021ec2000 	/usr/lib/libcoretls.dylib
0x0000000021ec2000 	/usr/lib/libcoretls_cfhelpers.dylib
0x0000000021ec2000 	/usr/lib/libpam.2.dylib
0x0000000021ec2000 	/usr/lib/libsqlite3.dylib
0x0000000021ec2000 	/usr/lib/libxar.1.dylib
0x0000000021ec2000 	/usr/lib/libbz2.1.0.dylib
0x0000000021ec2000 	/usr/lib/liblzma.5.dylib
0x0000000021ec2000 	/usr/lib/libnetwork.dylib
0x0000000021ec2000 	/usr/lib/libapple_nghttp2.dylib
0x0000000021ec2000 	/usr/lib/libpcap.A.dylib
0x0000000021ec2000 	/System/Library/Frameworks/CoreServices.framework/Versions/A/Frameworks/FSEvents.framework/Versions/A/FSEvents
0x0000000021ec2000 	/System/Library/Frameworks/CoreServices.framework/Versions/A/Frameworks/CarbonCore.framework/Versions/A/CarbonCore
0x0000000021ec2000 	/System/Library/Frameworks/CoreServices.framework/Versions/A/Frameworks/Metadata.framework/Versions/A/Metadata
0x0000000021ec2000 	/System/Library/Frameworks/CoreServices.framework/Versions/A/Frameworks/OSServices.framework/Versions/A/OSServices
0x0000000021ec2000 	/System/Library/Frameworks/CoreServices.framework/Versions/A/Frameworks/SearchKit.framework/Versions/A/SearchKit
0x0000000021ec2000 	/System/Library/Frameworks/CoreServices.framework/Versions/A/Frameworks/AE.framework/Versions/A/AE
0x0000000021ec2000 	/System/Library/Frameworks/CoreServices.framework/Versions/A/Frameworks/LaunchServices.framework/Versions/A/LaunchServices
0x0000000021ec2000 	/System/Library/Frameworks/CoreServices.framework/Versions/A/Frameworks/DictionaryServices.framework/Versions/A/DictionaryServices
0x0000000021ec2000 	/System/Library/Frameworks/CoreServices.framework/Versions/A/Frameworks/SharedFileList.framework/Versions/A/SharedFileList
0x0000000021ec2000 	/System/Library/Frameworks/NetFS.framework/Versions/A/NetFS
0x0000000021ec2000 	/System/Library/PrivateFrameworks/NetAuth.framework/Versions/A/NetAuth
0x0000000021ec2000 	/System/Library/PrivateFrameworks/login.framework/Versions/A/Frameworks/loginsupport.framework/Versions/A/loginsupport
0x0000000021ec2000 	/System/Library/PrivateFrameworks/TCC.framework/Versions/A/TCC
0x0000000021ec2000 	/System/Library/PrivateFrameworks/CoreNLP.framework/Versions/A/CoreNLP
0x0000000021ec2000 	/System/Library/PrivateFrameworks/MetadataUtilities.framework/Versions/A/MetadataUtilities
0x0000000021ec2000 	/usr/lib/libmecabra.dylib
0x0000000021ec2000 	/System/Library/Frameworks/ApplicationServices.framework/Versions/A/Frameworks/ATS.framework/Versions/A/ATS
0x0000000021ec2000 	/System/Library/Frameworks/ApplicationServices.framework/Versions/A/Frameworks/ColorSyncLegacy.framework/Versions/A/ColorSyncLegacy
0x0000000021ec2000 	/System/Library/Frameworks/ApplicationServices.framework/Versions/A/Frameworks/HIServices.framework/Versions/A/HIServices
0x0000000021ec2000 	/System/Library/Frameworks/ApplicationServices.framework/Versions/A/Frameworks/LangAnalysis.framework/Versions/A/LangAnalysis
0x0000000021ec2000 	/System/Library/Frameworks/ApplicationServices.framework/Versions/A/Frameworks/PrintCore.framework/Versions/A/PrintCore
0x0000000021ec2000 	/System/Library/Frameworks/ApplicationServices.framework/Versions/A/Frameworks/QD.framework/Versions/A/QD
0x0000000021ec2000 	/System/Library/Frameworks/ApplicationServices.framework/Versions/A/Frameworks/SpeechSynthesis.framework/Versions/A/SpeechSynthesis
0x0000000021ec2000 	/usr/lib/libcompression.dylib
0x0000000021ec2000 	/System/Library/Frameworks/CoreDisplay.framework/Versions/A/CoreDisplay
0x0000000021ec2000 	/System/Library/Frameworks/MetalPerformanceShaders.framework/Versions/A/MetalPerformanceShaders
0x0000000021ec2000 	/System/Library/Frameworks/Accelerate.framework/Versions/A/Frameworks/vImage.framework/Versions/A/vImage
0x0000000021ec2000 	/System/Library/Frameworks/Accelerate.framework/Versions/A/Frameworks/vecLib.framework/Versions/A/vecLib
0x0000000021ec2000 	/System/Library/Frameworks/Accelerate.framework/Versions/A/Frameworks/vecLib.framework/Versions/A/libvMisc.dylib
0x0000000021ec2000 	/System/Library/Frameworks/Accelerate.framework/Versions/A/Frameworks/vecLib.framework/Versions/A/libvDSP.dylib
0x0000000021ec2000 	/System/Library/Frameworks/Accelerate.framework/Versions/A/Frameworks/vecLib.framework/Versions/A/libBLAS.dylib
0x0000000021ec2000 	/System/Library/Frameworks/Accelerate.framework/Versions/A/Frameworks/vecLib.framework/Versions/A/libLAPACK.dylib
0x0000000021ec2000 	/System/Library/Frameworks/Accelerate.framework/Versions/A/Frameworks/vecLib.framework/Versions/A/libLinearAlgebra.dylib
0x0000000021ec2000 	/System/Library/Frameworks/Accelerate.framework/Versions/A/Frameworks/vecLib.framework/Versions/A/libSparseBLAS.dylib
0x0000000021ec2000 	/System/Library/Frameworks/Accelerate.framework/Versions/A/Frameworks/vecLib.framework/Versions/A/libQuadrature.dylib
0x0000000021ec2000 	/System/Library/Frameworks/Accelerate.framework/Versions/A/Frameworks/vecLib.framework/Versions/A/libBNNS.dylib
0x0000000021ec2000 	/System/Library/Frameworks/Accelerate.framework/Versions/A/Frameworks/vecLib.framework/Versions/A/libSparse.dylib
0x0000000021ec2000 	/System/Library/PrivateFrameworks/GPUWrangler.framework/Versions/A/GPUWrangler
0x0000000021ec2000 	/System/Library/PrivateFrameworks/IOAccelerator.framework/Versions/A/IOAccelerator
0x0000000021ec2000 	/System/Library/PrivateFrameworks/IOPresentment.framework/Versions/A/IOPresentment
0x0000000021ec2000 	/System/Library/PrivateFrameworks/DSExternalDisplay.framework/Versions/A/DSExternalDisplay
0x0000000021ec2000 	/System/Library/Frameworks/OpenGL.framework/Versions/A/Libraries/libCoreFSCache.dylib
0x0000000021ec2000 	/System/Library/Frameworks/MetalPerformanceShaders.framework/Frameworks/MPSCore.framework/Versions/A/MPSCore
0x0000000021ec2000 	/System/Library/Frameworks/MetalPerformanceShaders.framework/Frameworks/MPSImage.framework/Versions/A/MPSImage
0x0000000021ec2000 	/System/Library/Frameworks/MetalPerformanceShaders.framework/Frameworks/MPSNeuralNetwork.framework/Versions/A/MPSNeuralNetwork
0x0000000021ec2000 	/System/Library/Frameworks/MetalPerformanceShaders.framework/Frameworks/MPSMatrix.framework/Versions/A/MPSMatrix
0x0000000021ec2000 	/System/Library/Frameworks/MetalPerformanceShaders.framework/Frameworks/MPSRayIntersector.framework/Versions/A/MPSRayIntersector
0x0000000021ec2000 	/System/Library/PrivateFrameworks/MetalTools.framework/Versions/A/MetalTools
0x0000000021ec2000 	/System/Library/PrivateFrameworks/AggregateDictionary.framework/Versions/A/AggregateDictionary
0x0000000021ec2000 	/usr/lib/libMobileGestalt.dylib
0x0000000021ec2000 	/System/Library/Frameworks/CoreVideo.framework/Versions/A/CoreVideo
0x0000000021ec2000 	/System/Library/PrivateFrameworks/GraphVisualizer.framework/Versions/A/GraphVisualizer
0x0000000021ec2000 	/System/Library/PrivateFrameworks/FaceCore.framework/Versions/A/FaceCore
0x0000000021ec2000 	/System/Library/Frameworks/OpenCL.framework/Versions/A/OpenCL
0x0000000021ec2000 	/usr/lib/libFosl_dynamic.dylib
0x0000000021ec2000 	/System/Library/PrivateFrameworks/OTSVG.framework/Versions/A/OTSVG
0x0000000021ec2000 	/System/Library/Frameworks/ApplicationServices.framework/Versions/A/Frameworks/ATS.framework/Versions/A/Resources/libFontParser.dylib
0x0000000021ec2000 	/System/Library/Frameworks/ApplicationServices.framework/Versions/A/Frameworks/ATS.framework/Versions/A/Resources/libFontRegistry.dylib
0x0000000021ec2000 	/System/Library/Frameworks/ImageIO.framework/Versions/A/Resources/libJPEG.dylib
0x0000000021ec2000 	/System/Library/Frameworks/ImageIO.framework/Versions/A/Resources/libTIFF.dylib
0x0000000021ec2000 	/System/Library/Frameworks/ImageIO.framework/Versions/A/Resources/libPng.dylib
0x0000000021ec2000 	/System/Library/Frameworks/ImageIO.framework/Versions/A/Resources/libGIF.dylib
0x0000000021ec2000 	/System/Library/Frameworks/ImageIO.framework/Versions/A/Resources/libJP2.dylib
0x0000000021ec2000 	/System/Library/Frameworks/ImageIO.framework/Versions/A/Resources/libRadiance.dylib
0x0000000021ec2000 	/System/Library/PrivateFrameworks/AppleJPEG.framework/Versions/A/AppleJPEG
0x0000000021ec2000 	/System/Library/Frameworks/OpenGL.framework/Versions/A/Libraries/libGFXShared.dylib
0x0000000021ec2000 	/System/Library/Frameworks/OpenGL.framework/Versions/A/Libraries/libGLU.dylib
0x0000000021ec2000 	/System/Library/Frameworks/OpenGL.framework/Versions/A/Libraries/libGL.dylib
0x0000000021ec2000 	/System/Library/Frameworks/OpenGL.framework/Versions/A/Libraries/libGLImage.dylib
0x0000000021ec2000 	/System/Library/Frameworks/OpenGL.framework/Versions/A/Libraries/libCVMSPluginSupport.dylib
0x0000000021ec2000 	/System/Library/Frameworks/OpenGL.framework/Versions/A/Libraries/libCoreVMClient.dylib
0x0000000021ec2000 	/usr/lib/libcups.2.dylib
0x0000000021ec2000 	/System/Library/Frameworks/Kerberos.framework/Versions/A/Kerberos
0x0000000021ec2000 	/System/Library/Frameworks/GSS.framework/Versions/A/GSS
0x0000000021ec2000 	/usr/lib/libresolv.9.dylib
0x0000000021ec2000 	/usr/lib/libiconv.2.dylib
0x0000000021ec2000 	/System/Library/PrivateFrameworks/Heimdal.framework/Versions/A/Heimdal
0x0000000021ec2000 	/usr/lib/libheimdal-asn1.dylib
0x0000000021ec2000 	/System/Library/Frameworks/OpenDirectory.framework/Versions/A/OpenDirectory
0x0000000021ec2000 	/System/Library/PrivateFrameworks/CommonAuth.framework/Versions/A/CommonAuth
0x0000000021ec2000 	/System/Library/Frameworks/OpenDirectory.framework/Versions/A/Frameworks/CFOpenDirectory.framework/Versions/A/CFOpenDirectory
0x0000000021ec2000 	/System/Library/Frameworks/SecurityFoundation.framework/Versions/A/SecurityFoundation
0x0000000021ec2000 	/System/Library/PrivateFrameworks/APFS.framework/Versions/A/APFS
0x0000000021ec2000 	/usr/lib/libutil.dylib
0x0000000021ec2000 	/usr/lib/libcharset.1.dylib
0x0000000021ec2000 	/System/Library/PrivateFrameworks/AppleSauce.framework/Versions/A/AppleSauce
0x0000000021ec2000 	/System/Library/PrivateFrameworks/AssertionServices.framework/Versions/A/AssertionServices
0x0000000021ec2000 	/System/Library/PrivateFrameworks/BaseBoard.framework/Versions/A/BaseBoard
0x0000000021ec2000 	/usr/lib/libmecab.1.0.0.dylib
0x0000000021ec2000 	/usr/lib/libgermantok.dylib
0x0000000021ec2000 	/usr/lib/libThaiTokenizer.dylib
0x0000000021ec2000 	/usr/lib/libChineseTokenizer.dylib
0x0000000021ec2000 	/System/Library/PrivateFrameworks/LanguageModeling.framework/Versions/A/LanguageModeling
0x0000000021ec2000 	/System/Library/PrivateFrameworks/CoreEmoji.framework/Versions/A/CoreEmoji
0x0000000021ec2000 	/System/Library/PrivateFrameworks/Lexicon.framework/Versions/A/Lexicon
0x0000000021ec2000 	/System/Library/PrivateFrameworks/LinguisticData.framework/Versions/A/LinguisticData
0x0000000021ec2000 	/usr/lib/libcmph.dylib
0x0000000021ec2000 	/System/Library/Frameworks/ServiceManagement.framework/Versions/A/ServiceManagement
0x0000000021ec2000 	/System/Library/PrivateFrameworks/BackgroundTaskManagement.framework/Versions/A/BackgroundTaskManagement
0x0000000021ec2000 	/usr/lib/libxslt.1.dylib
0x0000000021ec2000 	/System/Library/Frameworks/Carbon.framework/Versions/A/Frameworks/Ink.framework/Versions/A/Ink
0x0000000021ec2000 	/System/Library/PrivateFrameworks/TextureIO.framework/Versions/A/TextureIO
0x0000000021ec2000 	/usr/lib/libate.dylib
0x0000000021ec2000 	/System/Library/PrivateFrameworks/CrashReporterSupport.framework/Versions/A/CrashReporterSupport
0x0000000021ec2000 	/System/Library/PrivateFrameworks/Sharing.framework/Versions/A/Sharing
0x0000000021ec2000 	/System/Library/PrivateFrameworks/AuthKit.framework/Versions/A/AuthKit
0x0000000021ec2000 	/System/Library/PrivateFrameworks/Apple80211.framework/Versions/A/Apple80211
0x0000000021ec2000 	/System/Library/PrivateFrameworks/CoreUtils.framework/Versions/A/CoreUtils
0x0000000021ec2000 	/System/Library/Frameworks/CoreWLAN.framework/Versions/A/CoreWLAN
0x0000000021ec2000 	/System/Library/Frameworks/IOBluetooth.framework/Versions/A/IOBluetooth
0x0000000021ec2000 	/System/Library/PrivateFrameworks/ProtocolBuffer.framework/Versions/A/ProtocolBuffer
0x0000000021ec2000 	/System/Library/PrivateFrameworks/MobileKeyBag.framework/Versions/A/MobileKeyBag
0x0000000021ec2000 	/System/Library/PrivateFrameworks/CorePhoneNumbers.framework/Versions/A/CorePhoneNumbers
0x0000000021ec2000 	/System/Library/PrivateFrameworks/AppleIDAuthSupport.framework/Versions/A/AppleIDAuthSupport
0x0000000021ec2000 	/System/Library/PrivateFrameworks/KeychainCircle.framework/Versions/A/KeychainCircle
0x0000000021ec2000 	/System/Library/PrivateFrameworks/ROCKit.framework/Versions/A/ROCKit
0x0000000021ec2000 	/System/Library/PrivateFrameworks/CoreWiFi.framework/Versions/A/CoreWiFi
0x0000000021ec2000 	/System/Library/Frameworks/CoreBluetooth.framework/Versions/A/CoreBluetooth
0x0000000021ec2000 	/System/Library/PrivateFrameworks/DebugSymbols.framework/Versions/A/DebugSymbols
0x0000000021ec2000 	/System/Library/PrivateFrameworks/CoreSymbolication.framework/Versions/A/CoreSymbolication
0x0000000021ec2000 	/System/Library/PrivateFrameworks/Symbolication.framework/Versions/A/Symbolication
0x0000000021ec2000 	/System/Library/PrivateFrameworks/SpeechRecognitionCore.framework/Versions/A/SpeechRecognitionCore
0x000000010c000000 	/Library/Java/JavaVirtualMachines/jdk1.8.0_92.jdk/Contents/Home/jre/lib/server/libjvm.dylib
0x0000000021ec2000 	/usr/lib/libstdc++.6.dylib
0x000000010af69000 	/Library/Java/JavaVirtualMachines/jdk1.8.0_92.jdk/Contents/Home/jre/lib/libverify.dylib
0x000000010af77000 	/Library/Java/JavaVirtualMachines/jdk1.8.0_92.jdk/Contents/Home/jre/lib/libjava.dylib
0x000000010aff6000 	/Library/Java/JavaVirtualMachines/jdk1.8.0_92.jdk/Contents/Home/jre/lib/libzip.dylib
0x0000000021ec2000 	/System/Library/Frameworks/JavaVM.framework/Versions/A/Frameworks/JavaRuntimeSupport.framework/Versions/A/JavaRuntimeSupport
0x0000000021ec2000 	/System/Library/Frameworks/JavaVM.framework/Versions/A/Frameworks/JavaNativeFoundation.framework/Versions/A/JavaNativeFoundation
0x0000000021ec2000 	/System/Library/Frameworks/JavaVM.framework/Versions/A/JavaVM
0x0000000021ec2000 	/System/Library/Frameworks/Carbon.framework/Versions/A/Carbon
0x0000000021ec2000 	/System/Library/PrivateFrameworks/JavaLaunching.framework/Versions/A/JavaLaunching
0x0000000021ec2000 	/System/Library/Frameworks/Carbon.framework/Versions/A/Frameworks/CommonPanels.framework/Versions/A/CommonPanels
0x0000000021ec2000 	/System/Library/Frameworks/Carbon.framework/Versions/A/Frameworks/Help.framework/Versions/A/Help
0x0000000021ec2000 	/System/Library/Frameworks/Carbon.framework/Versions/A/Frameworks/ImageCapture.framework/Versions/A/ImageCapture
0x0000000021ec2000 	/System/Library/Frameworks/Carbon.framework/Versions/A/Frameworks/OpenScripting.framework/Versions/A/OpenScripting
0x0000000021ec2000 	/System/Library/Frameworks/Carbon.framework/Versions/A/Frameworks/Print.framework/Versions/A/Print
0x0000000021ec2000 	/System/Library/Frameworks/Carbon.framework/Versions/A/Frameworks/SecurityHI.framework/Versions/A/SecurityHI
0x0000000129b4c000 	/Library/Java/JavaVirtualMachines/jdk1.8.0_92.jdk/Contents/Home/jre/lib/libawt.dylib
0x0000000129bf4000 	/Library/Java/JavaVirtualMachines/jdk1.8.0_92.jdk/Contents/Home/jre/lib/./libmlib_image.dylib
0x0000000129cc0000 	/Library/Java/JavaVirtualMachines/jdk1.8.0_92.jdk/Contents/Home/jre/lib/libawt_lwawt.dylib
0x0000000129d75000 	/Library/Java/JavaVirtualMachines/jdk1.8.0_92.jdk/Contents/Home/jre/lib/./libosxapp.dylib
0x0000000021ec2000 	/System/Library/Frameworks/ExceptionHandling.framework/Versions/A/ExceptionHandling
0x0000000021ec2000 	/System/Library/PrivateFrameworks/CoreServicesInternal.framework/Versions/A/CoreServicesInternal
0x0000000021ec2000 	/System/Library/CoreServices/RawCamera.bundle/Contents/MacOS/RawCamera
0x0000000021ec2000 	/System/Library/PrivateFrameworks/MobileAsset.framework/Versions/A/MobileAsset
0x0000000021ec2000 	/System/Library/PrivateFrameworks/StreamingZip.framework/Versions/A/StreamingZip
0x0000000021ec2000 	/System/Library/Frameworks/MediaToolbox.framework/Versions/A/MediaToolbox
0x0000000021ec2000 	/System/Library/PrivateFrameworks/CoreAVCHD.framework/Versions/A/CoreAVCHD
0x0000000021ec2000 	/System/Library/Frameworks/MediaAccessibility.framework/Versions/A/MediaAccessibility
0x0000000021ec2000 	/System/Library/PrivateFrameworks/Mangrove.framework/Versions/A/Mangrove
0x0000000021ec2000 	/System/Library/Frameworks/CoreMedia.framework/Versions/A/CoreMedia
0x0000000021ec2000 	/System/Library/Frameworks/VideoToolbox.framework/Versions/A/VideoToolbox
0x0000000021ec2000 	/System/Library/PrivateFrameworks/CoreAUC.framework/Versions/A/CoreAUC
0x0000000021ec2000 	/usr/lib/libspindump.dylib
0x0000000021ec2000 	/System/Library/PrivateFrameworks/AppleVA.framework/Versions/A/AppleVA
0x0000000021ec2000 	/System/Library/Frameworks/Accelerate.framework/Versions/A/Frameworks/vImage.framework/Versions/A/Libraries/libCGInterfaces.dylib
0x0000000021ec2000 	/System/Library/Frameworks/ApplicationServices.framework/Versions/A/Frameworks/ATS.framework/Versions/A/Resources/libTrueTypeScaler.dylib
0x0000000021ec2000 	/System/Library/Extensions/AppleIntelHD5000GraphicsMTLDriver.bundle/Contents/MacOS/AppleIntelHD5000GraphicsMTLDriver
0x0000000021ec2000 	/System/Library/Extensions/GeForceMTLDriver.bundle/Contents/MacOS/GeForceMTLDriver
0x0000000021ec2000 	/System/Library/PrivateFrameworks/GPUCompiler.framework/Versions/3902/Libraries/libmetal_timestamp.dylib
0x0000000021ec2000 	/System/Library/PrivateFrameworks/FamilyControls.framework/Versions/A/FamilyControls
0x0000000021ec2000 	/System/Library/PrivateFrameworks/CommerceKit.framework/Versions/A/Frameworks/CommerceCore.framework/Versions/A/CommerceCore
0x0000000021ec2000 	/System/Library/PrivateFrameworks/SystemAdministration.framework/Versions/A/SystemAdministration
0x0000000021ec2000 	/System/Library/PrivateFrameworks/AppContainer.framework/Versions/A/AppContainer
0x0000000021ec2000 	/System/Library/PrivateFrameworks/AppSandbox.framework/Versions/A/AppSandbox
0x0000000021ec2000 	/System/Library/PrivateFrameworks/SecCodeWrapper.framework/Versions/A/SecCodeWrapper
0x0000000021ec2000 	/usr/lib/libsandbox.1.dylib
0x0000000021ec2000 	/usr/lib/libMatch.1.dylib
0x0000000021ec2000 	/System/Library/PrivateFrameworks/DiskManagement.framework/Versions/A/DiskManagement
0x0000000021ec2000 	/System/Library/Frameworks/DirectoryService.framework/Versions/A/DirectoryService
0x0000000021ec2000 	/System/Library/PrivateFrameworks/DiskImages.framework/Versions/A/DiskImages
0x0000000021ec2000 	/System/Library/PrivateFrameworks/LoginUIKit.framework/Versions/A/Frameworks/LoginUICore.framework/Versions/A/LoginUICore
0x0000000021ec2000 	/usr/lib/libCoreStorage.dylib
0x0000000021ec2000 	/usr/lib/libcsfde.dylib
0x0000000021ec2000 	/usr/lib/libodfde.dylib
0x0000000021ec2000 	/System/Library/PrivateFrameworks/MediaKit.framework/Versions/A/MediaKit
0x0000000021ec2000 	/System/Library/Frameworks/DiscRecording.framework/Versions/A/DiscRecording
0x0000000021ec2000 	/System/Library/PrivateFrameworks/EFILogin.framework/Versions/A/EFILogin
0x0000000021ec2000 	/System/Library/PrivateFrameworks/ProtectedCloudStorage.framework/Versions/A/ProtectedCloudStorage
0x0000000021ec2000 	/usr/lib/libcurl.4.dylib
0x0000000021ec2000 	/usr/lib/libcrypto.42.dylib
0x0000000021ec2000 	/usr/lib/libssl.44.dylib
0x0000000021ec2000 	/System/Library/Frameworks/LDAP.framework/Versions/A/LDAP
0x0000000021ec2000 	/System/Library/PrivateFrameworks/TrustEvaluationAgent.framework/Versions/A/TrustEvaluationAgent
0x0000000021ec2000 	/usr/lib/libsasl2.2.dylib
0x0000000021ec2000 	/System/Library/PrivateFrameworks/CoreDaemon.framework/Versions/B/CoreDaemon
0x0000000021ec2000 	/System/Library/PrivateFrameworks/AppleSRP.framework/Versions/A/AppleSRP
0x0000000021ec2000 	/System/Library/PrivateFrameworks/ViewBridge.framework/Versions/A/ViewBridge
0x0000000021ec2000 	/System/Library/Frameworks/OpenGL.framework/Versions/A/Resources/GLEngine.bundle/GLEngine
0x0000000021ec2000 	/System/Library/Frameworks/OpenGL.framework/Versions/A/Libraries/libGLProgrammability.dylib
0x0000000021ec2000 	/System/Library/Extensions/AppleIntelHD5000GraphicsGLDriver.bundle/Contents/MacOS/AppleIntelHD5000GraphicsGLDriver
0x0000000021ec2000 	/System/Library/PrivateFrameworks/GPUSupport.framework/Versions/A/Libraries/libGPUSupportMercury.dylib
0x0000000021ec2000 	/System/Library/Extensions/GeForceGLDriver.bundle/Contents/MacOS/GeForceGLDriver
0x0000000021ec2000 	/System/Library/Extensions/GeForceGLDriver.bundle/Contents/MacOS/libclh.dylib
0x0000000021ec2000 	/System/Library/Frameworks/OpenGL.framework/Versions/A/Resources/GLRendererFloat.bundle/GLRendererFloat
0x0000000021ec2000 	/System/Library/Frameworks/OpenCL.framework/Versions/A/Libraries/libcldcpuengine.dylib
0x0000000021ec2000 	/usr/lib/libcrypto.35.dylib
0x000000012d02b000 	/Library/Java/JavaVirtualMachines/jdk1.8.0_92.jdk/Contents/Home/jre/lib/libfontmanager.dylib
0x000000012d092000 	/Library/Java/JavaVirtualMachines/jdk1.8.0_92.jdk/Contents/Home/jre/lib/libosxui.dylib
0x000000012dae2000 	/Library/Java/JavaVirtualMachines/jdk1.8.0_92.jdk/Contents/Home/jre/lib/libnet.dylib
0x000000012db41000 	/Library/Java/JavaVirtualMachines/jdk1.8.0_92.jdk/Contents/Home/jre/lib/libnio.dylib
0x000000012db51000 	/private/var/folders/m0/b0_3z7kj5bvc3x4yb47q65y00000gn/T/jogamp_0000/file_cache/jln6921621847072597633/jln4613513412082668467/natives/macosx-universal/libgluegen-rt.jnilib
0x000000012dd56000 	/private/var/folders/m0/b0_3z7kj5bvc3x4yb47q65y00000gn/T/jogamp_0000/file_cache/jln6921621847072597633/jln4613513412082668467/natives/macosx-universal/libnativewindow_awt.jnilib
0x000000012dd59000 	/Library/Java/JavaVirtualMachines/jdk1.8.0_92.jdk/Contents/Home/jre/lib/libjawt.dylib
0x000000012dd5c000 	/private/var/folders/m0/b0_3z7kj5bvc3x4yb47q65y00000gn/T/jogamp_0000/file_cache/jln6921621847072597633/jln4613513412082668467/natives/macosx-universal/libnativewindow_macosx.jnilib
0x000000012e09c000 	/private/var/folders/m0/b0_3z7kj5bvc3x4yb47q65y00000gn/T/jogamp_0000/file_cache/jln6921621847072597633/jln4613513412082668467/natives/macosx-universal/libjogl_desktop.jnilib
0x000000012e170000 	/private/var/folders/m0/b0_3z7kj5bvc3x4yb47q65y00000gn/T/jogamp_0000/file_cache/jln6921621847072597633/jln4613513412082668467/natives/macosx-universal/libjogl_mobile.jnilib
0x000000012a502000 	/usr/lib/libobjc-trampolines.dylib

VM Arguments:
jvm_args: -Djava.library.path=/Users/georgrokita/Skate/Workstations/EclipseProj/libs/jogamp-all-platforms/lib:/Users/georgrokita/Skate/Workstations/EclipseProj/libs/jogamp-all-platforms/lib -Dfile.encoding=UTF-8 
java_command: week6.TwoQuats
java_class_path (initial): /Users/georgrokita/Skate/Workstations/Eclipse_Workspace/Computer_Grafiks/bin:/Users/georgrokita/Skate/Workstations/EclipseProj/libs/graphicslib3D/graphicslib3D.jar:/Users/georgrokita/Skate/Workstations/EclipseProj/libs/jogamp-all-platforms/jar/gluegen-rt.jar:/Users/georgrokita/Skate/Workstations/EclipseProj/libs/jogamp-all-platforms/jar/jogl-all.jar
Launcher Type: SUN_STANDARD

Environment Variables:
PATH=/usr/bin:/bin:/usr/sbin:/sbin
SHELL=/bin/bash
DISPLAY=/private/tmp/com.apple.launchd.n7WU2GX5QT/org.macosforge.xquartz:0

Signal Handlers:
SIGSEGV: [libjvm.dylib+0x5aa779], sa_mask[0]=11111111011111110111111111111111, sa_flags=SA_ONSTACK|SA_RESTART|SA_SIGINFO
SIGBUS: [libjvm.dylib+0x5aa779], sa_mask[0]=11111111011111110111111111111111, sa_flags=SA_RESTART|SA_SIGINFO
SIGFPE: [libjvm.dylib+0x4831d0], sa_mask[0]=11111111011111110111111111111111, sa_flags=SA_RESTART|SA_SIGINFO
SIGPIPE: [libjvm.dylib+0x4831d0], sa_mask[0]=11111111011111110111111111111111, sa_flags=SA_RESTART|SA_SIGINFO
SIGXFSZ: [libjvm.dylib+0x4831d0], sa_mask[0]=11111111011111110111111111111111, sa_flags=SA_RESTART|SA_SIGINFO
SIGILL: [libjvm.dylib+0x4831d0], sa_mask[0]=11111111011111110111111111111111, sa_flags=SA_RESTART|SA_SIGINFO
SIGUSR1: SIG_DFL, sa_mask[0]=00000000000000000000000000000000, sa_flags=none
SIGUSR2: [libjvm.dylib+0x482cee], sa_mask[0]=00100000000000000000000000000000, sa_flags=SA_RESTART|SA_SIGINFO
SIGHUP: [libjvm.dylib+0x4812c5], sa_mask[0]=11111111011111110111111111111111, sa_flags=SA_RESTART|SA_SIGINFO
SIGINT: [libjvm.dylib+0x4812c5], sa_mask[0]=11111111011111110111111111111111, sa_flags=SA_RESTART|SA_SIGINFO
SIGTERM: [libjvm.dylib+0x4812c5], sa_mask[0]=11111111011111110111111111111111, sa_flags=SA_RESTART|SA_SIGINFO
SIGQUIT: [libjvm.dylib+0x4812c5], sa_mask[0]=11111111011111110111111111111111, sa_flags=SA_RESTART|SA_SIGINFO


---------------  S Y S T E M  ---------------

OS:Bsduname:Darwin 18.2.0 Darwin Kernel Version 18.2.0: Mon Nov 12 20:24:46 PST 2018; root:xnu-4903.231.4~2/RELEASE_X86_64 x86_64
rlimit: STACK 8192k, CORE 0k, NPROC 1418, NOFILE 10240, AS infinity
load average:1.52 1.53 1.44

CPU:total 8 (4 cores per cpu, 2 threads per core) family 6 model 70 stepping 1, cmov, cx8, fxsr, mmx, sse, sse2, sse3, ssse3, sse4.1, sse4.2, popcnt, avx, avx2, aes, clmul, erms, lzcnt, ht, tsc, tscinvbit, bmi1, bmi2

Memory: 4k page, physical 16777216k(865072k free)

/proc/meminfo:


vm_info: Java HotSpot(TM) 64-Bit Server VM (25.92-b14) for bsd-amd64 JRE (1.8.0_92-b14), built on Mar 31 2016 21:23:14 by "java_re" with gcc 4.2.1 (Based on Apple Inc. build 5658) (LLVM build 2336.11.00)

time: Wed Jan 16 09:29:28 2019
elapsed time: 2 seconds (0d 0h 0m 2s)

